# JRE version: OpenJDK Runtime Environment Temurin-21.0.5+11 (21.0.5+11) (build 21.0.5+11-LTS)
# Java VM: OpenJDK 64-Bit Server VM Temurin-21.0.5+11 (21.0.5+11-LTS, mixed mode, sharing, tiered, compressed oops, compressed class ptrs, parallel gc, windows-amd64)
GC Precious Log:
 CardTable entry size: 512
 CPUs: 20 total, 20 available
 Memory: 16010M
 Large Page Support: Disabled
 NUMA Support: Disabled
 Compressed Oops: Enabled (32-bit)
 Alignments: Space 512K, Generation 512K, Heap 2M
 Heap Min Capacity: 100M
 Heap Initial Capacity: 100M
 Heap Max Capacity: 1G
 Pre-touch: Disabled
 Parallel Workers: 15
Heap:
 PSYoungGen      total 8192K, used 7730K [0x00000000eab00000, 0x00000000eb480000, 0x0000000100000000)
  eden space 6656K, 100% used [0x00000000eab00000,0x00000000eb180000,0x00000000eb180000)
  from space 1536K, 69% used [0x00000000eb300000,0x00000000eb40c9a0,0x00000000eb480000)
  to   space 1536K, 99% used [0x00000000eb180000,0x00000000eb2ff6b0,0x00000000eb300000)
 ParOldGen       total 164352K, used 164062K [0x00000000c0000000, 0x00000000ca080000, 0x00000000eab00000)
  object space 164352K, 99% used [0x00000000c0000000,0x00000000ca037a48,0x00000000ca080000)
 Metaspace       used 61834K, committed 63104K, reserved 1114112K
  class space    used 6265K, committed 6784K, reserved 1048576K
GC Heap History (20 events):
Event: 16.431 GC heap after
{Heap after GC invocations=83 (full 3):
 PSYoungGen      total 8192K, used 1508K [0x00000000eab00000, 0x00000000ebb00000, 0x0000000100000000)
  eden space 6656K, 0% used [0x00000000eab00000,0x00000000eab00000,0x00000000eb180000)
  from space 1536K, 98% used [0x00000000eb580000,0x00000000eb6f9078,0x00000000eb700000)
  to   space 4096K, 0% used [0x00000000eb180000,0x00000000eb180000,0x00000000eb580000)
 ParOldGen       total 162816K, used 152380K [0x00000000c0000000, 0x00000000c9f00000, 0x00000000eab00000)
  object space 162816K, 93% used [0x00000000c0000000,0x00000000c94cf208,0x00000000c9f00000)
 Metaspace       used 60029K, committed 61312K, reserved 1114112K
  class space    used 6085K, committed 6592K, reserved 1048576K
}
Event: 16.467 GC heap before
{Heap before GC invocations=84 (full 3):
 PSYoungGen      total 8192K, used 8164K [0x00000000eab00000, 0x00000000ebb00000, 0x0000000100000000)
  eden space 6656K, 100% used [0x00000000eab00000,0x00000000eb180000,0x00000000eb180000)
  from space 1536K, 98% used [0x00000000eb580000,0x00000000eb6f9078,0x00000000eb700000)
  to   space 4096K, 0% used [0x00000000eb180000,0x00000000eb180000,0x00000000eb580000)
 ParOldGen       total 162816K, used 152380K [0x00000000c0000000, 0x00000000c9f00000, 0x00000000eab00000)
  object space 162816K, 93% used [0x00000000c0000000,0x00000000c94cf208,0x00000000c9f00000)
 Metaspace       used 60113K, committed 61376K, reserved 1114112K
  class space    used 6091K, committed 6592K, reserved 1048576K
}
Event: 16.471 GC heap after
{Heap after GC invocations=84 (full 3):
 PSYoungGen      total 8704K, used 1655K [0x00000000eab00000, 0x00000000eb680000, 0x0000000100000000)
  eden space 6656K, 0% used [0x00000000eab00000,0x00000000eab00000,0x00000000eb180000)
  from space 2048K, 80% used [0x00000000eb180000,0x00000000eb31dd20,0x00000000eb380000)
  to   space 2560K, 0% used [0x00000000eb400000,0x00000000eb400000,0x00000000eb680000)
 ParOldGen       total 162816K, used 153854K [0x00000000c0000000, 0x00000000c9f00000, 0x00000000eab00000)
  object space 162816K, 94% used [0x00000000c0000000,0x00000000c963f990,0x00000000c9f00000)
 Metaspace       used 60113K, committed 61376K, reserved 1114112K
  class space    used 6091K, committed 6592K, reserved 1048576K
}
Event: 16.514 GC heap before
{Heap before GC invocations=85 (full 3):
 PSYoungGen      total 8704K, used 8300K [0x00000000eab00000, 0x00000000eb680000, 0x0000000100000000)
  eden space 6656K, 99% used [0x00000000eab00000,0x00000000eb17d390,0x00000000eb180000)
  from space 2048K, 80% used [0x00000000eb180000,0x00000000eb31dd20,0x00000000eb380000)
  to   space 2560K, 0% used [0x00000000eb400000,0x00000000eb400000,0x00000000eb680000)
 ParOldGen       total 162816K, used 153854K [0x00000000c0000000, 0x00000000c9f00000, 0x00000000eab00000)
  object space 162816K, 94% used [0x00000000c0000000,0x00000000c963f990,0x00000000c9f00000)
 Metaspace       used 60206K, committed 61504K, reserved 1114112K
  class space    used 6101K, committed 6656K, reserved 1048576K
}
Event: 16.517 GC heap after
{Heap after GC invocations=85 (full 3):
 PSYoungGen      total 8704K, used 1593K [0x00000000eab00000, 0x00000000eb600000, 0x0000000100000000)
  eden space 6656K, 0% used [0x00000000eab00000,0x00000000eab00000,0x00000000eb180000)
  from space 2048K, 77% used [0x00000000eb400000,0x00000000eb58e6c0,0x00000000eb600000)
  to   space 2048K, 0% used [0x00000000eb180000,0x00000000eb180000,0x00000000eb380000)
 ParOldGen       total 162816K, used 155328K [0x00000000c0000000, 0x00000000c9f00000, 0x00000000eab00000)
  object space 162816K, 95% used [0x00000000c0000000,0x00000000c97b03f8,0x00000000c9f00000)
 Metaspace       used 60206K, committed 61504K, reserved 1114112K
  class space    used 6101K, committed 6656K, reserved 1048576K
}
Event: 16.556 GC heap before
{Heap before GC invocations=86 (full 3):
 PSYoungGen      total 8704K, used 8249K [0x00000000eab00000, 0x00000000eb600000, 0x0000000100000000)
  eden space 6656K, 100% used [0x00000000eab00000,0x00000000eb180000,0x00000000eb180000)
  from space 2048K, 77% used [0x00000000eb400000,0x00000000eb58e6c0,0x00000000eb600000)
  to   space 2048K, 0% used [0x00000000eb180000,0x00000000eb180000,0x00000000eb380000)
 ParOldGen       total 162816K, used 155328K [0x00000000c0000000, 0x00000000c9f00000, 0x00000000eab00000)
  object space 162816K, 95% used [0x00000000c0000000,0x00000000c97b03f8,0x00000000c9f00000)
 Metaspace       used 60543K, committed 61824K, reserved 1114112K
  class space    used 6131K, committed 6656K, reserved 1048576K
}
Event: 16.558 GC heap after
{Heap after GC invocations=86 (full 3):
 PSYoungGen      total 8704K, used 1640K [0x00000000eab00000, 0x00000000eb580000, 0x0000000100000000)
  eden space 6656K, 0% used [0x00000000eab00000,0x00000000eab00000,0x00000000eb180000)
  from space 2048K, 80% used [0x00000000eb180000,0x00000000eb31a3e8,0x00000000eb380000)
  to   space 2048K, 0% used [0x00000000eb380000,0x00000000eb380000,0x00000000eb580000)
 ParOldGen       total 162816K, used 156752K [0x00000000c0000000, 0x00000000c9f00000, 0x00000000eab00000)
  object space 162816K, 96% used [0x00000000c0000000,0x00000000c99142a8,0x00000000c9f00000)
 Metaspace       used 60543K, committed 61824K, reserved 1114112K
  class space    used 6131K, committed 6656K, reserved 1048576K
}
Event: 16.601 GC heap before
{Heap before GC invocations=87 (full 3):
 PSYoungGen      total 8704K, used 8296K [0x00000000eab00000, 0x00000000eb580000, 0x0000000100000000)
  eden space 6656K, 100% used [0x00000000eab00000,0x00000000eb180000,0x00000000eb180000)
  from space 2048K, 80% used [0x00000000eb180000,0x00000000eb31a3e8,0x00000000eb380000)
  to   space 2048K, 0% used [0x00000000eb380000,0x00000000eb380000,0x00000000eb580000)
 ParOldGen       total 162816K, used 156752K [0x00000000c0000000, 0x00000000c9f00000, 0x00000000eab00000)
  object space 162816K, 96% used [0x00000000c0000000,0x00000000c99142a8,0x00000000c9f00000)
 Metaspace       used 60606K, committed 61888K, reserved 1114112K
  class space    used 6133K, committed 6656K, reserved 1048576K
}
Event: 16.604 GC heap after
{Heap after GC invocations=87 (full 3):
 PSYoungGen      total 8704K, used 1871K [0x00000000eab00000, 0x00000000eb580000, 0x0000000100000000)
  eden space 6656K, 0% used [0x00000000eab00000,0x00000000eab00000,0x00000000eb180000)
  from space 2048K, 91% used [0x00000000eb380000,0x00000000eb553c70,0x00000000eb580000)
  to   space 2048K, 0% used [0x00000000eb180000,0x00000000eb180000,0x00000000eb380000)
 ParOldGen       total 162816K, used 158056K [0x00000000c0000000, 0x00000000c9f00000, 0x00000000eab00000)
  object space 162816K, 97% used [0x00000000c0000000,0x00000000c9a5a3e8,0x00000000c9f00000)
 Metaspace       used 60606K, committed 61888K, reserved 1114112K
  class space    used 6133K, committed 6656K, reserved 1048576K
}
Event: 16.644 GC heap before
{Heap before GC invocations=88 (full 3):
 PSYoungGen      total 8704K, used 8527K [0x00000000eab00000, 0x00000000eb580000, 0x0000000100000000)
  eden space 6656K, 100% used [0x00000000eab00000,0x00000000eb180000,0x00000000eb180000)
  from space 2048K, 91% used [0x00000000eb380000,0x00000000eb553c70,0x00000000eb580000)
  to   space 2048K, 0% used [0x00000000eb180000,0x00000000eb180000,0x00000000eb380000)
 ParOldGen       total 162816K, used 158056K [0x00000000c0000000, 0x00000000c9f00000, 0x00000000eab00000)
  object space 162816K, 97% used [0x00000000c0000000,0x00000000c9a5a3e8,0x00000000c9f00000)
 Metaspace       used 60687K, committed 62016K, reserved 1114112K
  class space    used 6142K, committed 6720K, reserved 1048576K
}
Event: 16.647 GC heap after
{Heap after GC invocations=88 (full 3):
 PSYoungGen      total 8704K, used 1764K [0x00000000eab00000, 0x00000000eb580000, 0x0000000100000000)
  eden space 6656K, 0% used [0x00000000eab00000,0x00000000eab00000,0x00000000eb180000)
  from space 2048K, 86% used [0x00000000eb180000,0x00000000eb339330,0x00000000eb380000)
  to   space 2048K, 0% used [0x00000000eb380000,0x00000000eb380000,0x00000000eb580000)
 ParOldGen       total 162816K, used 159659K [0x00000000c0000000, 0x00000000c9f00000, 0x00000000eab00000)
  object space 162816K, 98% used [0x00000000c0000000,0x00000000c9beac58,0x00000000c9f00000)
 Metaspace       used 60687K, committed 62016K, reserved 1114112K
  class space    used 6142K, committed 6720K, reserved 1048576K
}
Event: 16.680 GC heap before
{Heap before GC invocations=89 (full 3):
 PSYoungGen      total 8704K, used 8420K [0x00000000eab00000, 0x00000000eb580000, 0x0000000100000000)
  eden space 6656K, 100% used [0x00000000eab00000,0x00000000eb180000,0x00000000eb180000)
  from space 2048K, 86% used [0x00000000eb180000,0x00000000eb339330,0x00000000eb380000)
  to   space 2048K, 0% used [0x00000000eb380000,0x00000000eb380000,0x00000000eb580000)
 ParOldGen       total 162816K, used 159659K [0x00000000c0000000, 0x00000000c9f00000, 0x00000000eab00000)
  object space 162816K, 98% used [0x00000000c0000000,0x00000000c9beac58,0x00000000c9f00000)
 Metaspace       used 60938K, committed 62272K, reserved 1114112K
  class space    used 6168K, committed 6720K, reserved 1048576K
}
Event: 16.683 GC heap after
{Heap after GC invocations=89 (full 3):
 PSYoungGen      total 8704K, used 1430K [0x00000000eab00000, 0x00000000eb580000, 0x0000000100000000)
  eden space 6656K, 0% used [0x00000000eab00000,0x00000000eab00000,0x00000000eb180000)
  from space 2048K, 69% used [0x00000000eb380000,0x00000000eb4e5b98,0x00000000eb580000)
  to   space 2048K, 0% used [0x00000000eb180000,0x00000000eb180000,0x00000000eb380000)
 ParOldGen       total 162816K, used 161102K [0x00000000c0000000, 0x00000000c9f00000, 0x00000000eab00000)
  object space 162816K, 98% used [0x00000000c0000000,0x00000000c9d53a50,0x00000000c9f00000)
 Metaspace       used 60938K, committed 62272K, reserved 1114112K
  class space    used 6168K, committed 6720K, reserved 1048576K
}
Event: 16.742 GC heap before
{Heap before GC invocations=90 (full 3):
 PSYoungGen      total 8704K, used 8083K [0x00000000eab00000, 0x00000000eb580000, 0x0000000100000000)
  eden space 6656K, 99% used [0x00000000eab00000,0x00000000eb17f2f8,0x00000000eb180000)
  from space 2048K, 69% used [0x00000000eb380000,0x00000000eb4e5b98,0x00000000eb580000)
  to   space 2048K, 0% used [0x00000000eb180000,0x00000000eb180000,0x00000000eb380000)
 ParOldGen       total 162816K, used 161102K [0x00000000c0000000, 0x00000000c9f00000, 0x00000000eab00000)
  object space 162816K, 98% used [0x00000000c0000000,0x00000000c9d53a50,0x00000000c9f00000)
 Metaspace       used 61425K, committed 62720K, reserved 1114112K
  class space    used 6214K, committed 6720K, reserved 1048576K
}
Event: 16.745 GC heap after
{Heap after GC invocations=90 (full 3):
 PSYoungGen      total 8192K, used 1279K [0x00000000eab00000, 0x00000000eb480000, 0x0000000100000000)
  eden space 6656K, 0% used [0x00000000eab00000,0x00000000eab00000,0x00000000eb180000)
  from space 1536K, 83% used [0x00000000eb180000,0x00000000eb2bfed0,0x00000000eb300000)
  to   space 1536K, 0% used [0x00000000eb300000,0x00000000eb300000,0x00000000eb480000)
 ParOldGen       total 162816K, used 162233K [0x00000000c0000000, 0x00000000c9f00000, 0x00000000eab00000)
  object space 162816K, 99% used [0x00000000c0000000,0x00000000c9e6e500,0x00000000c9f00000)
 Metaspace       used 61425K, committed 62720K, reserved 1114112K
  class space    used 6214K, committed 6720K, reserved 1048576K
}
Event: 16.814 GC heap before
{Heap before GC invocations=91 (full 3):
 PSYoungGen      total 8192K, used 7935K [0x00000000eab00000, 0x00000000eb480000, 0x0000000100000000)
  eden space 6656K, 100% used [0x00000000eab00000,0x00000000eb180000,0x00000000eb180000)
  from space 1536K, 83% used [0x00000000eb180000,0x00000000eb2bfed0,0x00000000eb300000)
  to   space 1536K, 0% used [0x00000000eb300000,0x00000000eb300000,0x00000000eb480000)
 ParOldGen       total 162816K, used 162233K [0x00000000c0000000, 0x00000000c9f00000, 0x00000000eab00000)
  object space 162816K, 99% used [0x00000000c0000000,0x00000000c9e6e500,0x00000000c9f00000)
 Metaspace       used 61755K, committed 63040K, reserved 1114112K
  class space    used 6254K, committed 6784K, reserved 1048576K
}
Event: 16.816 GC heap after
{Heap after GC invocations=91 (full 3):
 PSYoungGen      total 8192K, used 1074K [0x00000000eab00000, 0x00000000eb480000, 0x0000000100000000)
  eden space 6656K, 0% used [0x00000000eab00000,0x00000000eab00000,0x00000000eb180000)
  from space 1536K, 69% used [0x00000000eb300000,0x00000000eb40c9a0,0x00000000eb480000)
  to   space 1536K, 0% used [0x00000000eb180000,0x00000000eb180000,0x00000000eb300000)
 ParOldGen       total 163328K, used 163147K [0x00000000c0000000, 0x00000000c9f80000, 0x00000000eab00000)
  object space 163328K, 99% used [0x00000000c0000000,0x00000000c9f52d78,0x00000000c9f80000)
 Metaspace       used 61755K, committed 63040K, reserved 1114112K
  class space    used 6254K, committed 6784K, reserved 1048576K
}
Event: 16.882 GC heap before
{Heap before GC invocations=92 (full 3):
 PSYoungGen      total 8192K, used 7730K [0x00000000eab00000, 0x00000000eb480000, 0x0000000100000000)
  eden space 6656K, 100% used [0x00000000eab00000,0x00000000eb180000,0x00000000eb180000)
  from space 1536K, 69% used [0x00000000eb300000,0x00000000eb40c9a0,0x00000000eb480000)
  to   space 1536K, 0% used [0x00000000eb180000,0x00000000eb180000,0x00000000eb300000)
 ParOldGen       total 163328K, used 163147K [0x00000000c0000000, 0x00000000c9f80000, 0x00000000eab00000)
  object space 163328K, 99% used [0x00000000c0000000,0x00000000c9f52d78,0x00000000c9f80000)
 Metaspace       used 61834K, committed 63104K, reserved 1114112K
  class space    used 6265K, committed 6784K, reserved 1048576K
}
Event: 16.885 GC heap after
{Heap after GC invocations=92 (full 3):
 PSYoungGen      total 8192K, used 7730K [0x00000000eab00000, 0x00000000eb480000, 0x0000000100000000)
  eden space 6656K, 100% used [0x00000000eab00000,0x00000000eb180000,0x00000000eb180000)
  from space 1536K, 69% used [0x00000000eb300000,0x00000000eb40c9a0,0x00000000eb480000)
  to   space 1536K, 99% used [0x00000000eb180000,0x00000000eb2ff6b0,0x00000000eb300000)
 ParOldGen       total 164352K, used 164062K [0x00000000c0000000, 0x00000000ca080000, 0x00000000eab00000)
  object space 164352K, 99% used [0x00000000c0000000,0x00000000ca037a48,0x00000000ca080000)
 Metaspace       used 61834K, committed 63104K, reserved 1114112K
  class space    used 6265K, committed 6784K, reserved 1048576K
}
Event: 16.885 GC heap before
{Heap before GC invocations=93 (full 4):
 PSYoungGen      total 8192K, used 7730K [0x00000000eab00000, 0x00000000eb480000, 0x0000000100000000)
  eden space 6656K, 100% used [0x00000000eab00000,0x00000000eb180000,0x00000000eb180000)
  from space 1536K, 69% used [0x00000000eb300000,0x00000000eb40c9a0,0x00000000eb480000)
  to   space 1536K, 99% used [0x00000000eb180000,0x00000000eb2ff6b0,0x00000000eb300000)
 ParOldGen       total 164352K, used 164062K [0x00000000c0000000, 0x00000000ca080000, 0x00000000eab00000)
  object space 164352K, 99% used [0x00000000c0000000,0x00000000ca037a48,0x00000000ca080000)
 Metaspace       used 61834K, committed 63104K, reserved 1114112K
  class space    used 6265K, committed 6784K, reserved 1048576K
}

